<?xml version="1.0" encoding="UTF-8"?>
<testng-results skipped="0" failed="5" total="5" passed="0">
  <reporter-output>
  </reporter-output>
  <suite name="Default suite" duration-ms="263227" started-at="2020-06-29T12:19:49Z" finished-at="2020-06-29T12:24:12Z">
    <groups>
    </groups>
    <test name="Default test" duration-ms="263227" started-at="2020-06-29T12:19:49Z" finished-at="2020-06-29T12:24:12Z">
      <class name="com.iexceed.TraditionalTestsV2.Task1">
        <test-method status="FAIL" signature="Laptop_Desktop(java.lang.String, java.lang.String, int, int)[pri:0, instance:com.iexceed.TraditionalTestsV2.Task1@1b40d5f0]" name="Laptop_Desktop" duration-ms="19607" started-at="2020-06-29T17:49:49Z" data-provider="BrowserViewPort" finished-at="2020-06-29T17:50:08Z">
          <params>
            <param index="0">
              <value>
                <![CDATA[Laptop/Desktop]]>
              </value>
            </param>
            <param index="1">
              <value>
                <![CDATA[Chrome]]>
              </value>
            </param>
            <param index="2">
              <value>
                <![CDATA[1200]]>
              </value>
            </param>
            <param index="3">
              <value>
                <![CDATA[700]]>
              </value>
            </param>
          </params>
          <exception class="java.lang.AssertionError">
            <message>
              <![CDATA[The following asserts failed:
expected [true] but found [false], expected [true] but found [false], expected [true] but found [false], expected [true] but found [false], expected [true] but found [false], expected [true] but found [false], expected [true] but found [false], expected [true] but found [false], expected [true] but found [false], expected [true] but found [false], expected [true] but found [false], expected [true] but found [false], expected [true] but found [false], expected [true] but found [false], expected [true] but found [false], expected [true] but found [false], expected [true] but found [false], expected [true] but found [false], expected [true] but found [false], expected [true] but found [false], expected [true] but found [false], expected [true] but found [false], expected [true] but found [false], expected [true] but found [false], expected [true] but found [false], expected [true] but found [false], expected [true] but found [false], expected [true] but found [false]]]>
            </message>
            <full-stacktrace>
              <![CDATA[java.lang.AssertionError: The following asserts failed:
expected [true] but found [false], expected [true] but found [false], expected [true] but found [false], expected [true] but found [false], expected [true] but found [false], expected [true] but found [false], expected [true] but found [false], expected [true] but found [false], expected [true] but found [false], expected [true] but found [false], expected [true] but found [false], expected [true] but found [false], expected [true] but found [false], expected [true] but found [false], expected [true] but found [false], expected [true] but found [false], expected [true] but found [false], expected [true] but found [false], expected [true] but found [false], expected [true] but found [false], expected [true] but found [false], expected [true] but found [false], expected [true] but found [false], expected [true] but found [false], expected [true] but found [false], expected [true] but found [false], expected [true] but found [false], expected [true] but found [false]
	at org.testng.asserts.SoftAssert.assertAll(SoftAssert.java:38)
	at com.iexceed.TraditionalTestsV2.Task1.Laptop_Desktop(Task1.java:67)
	at sun.reflect.NativeMethodAccessorImpl.invoke0(Native Method)
	at sun.reflect.NativeMethodAccessorImpl.invoke(NativeMethodAccessorImpl.java:62)
	at sun.reflect.DelegatingMethodAccessorImpl.invoke(DelegatingMethodAccessorImpl.java:43)
	at java.lang.reflect.Method.invoke(Method.java:498)
	at org.testng.internal.MethodInvocationHelper.invokeMethod(MethodInvocationHelper.java:85)
	at org.testng.internal.Invoker.invokeMethod(Invoker.java:663)
	at org.testng.internal.Invoker.invokeTestMethod(Invoker.java:849)
	at org.testng.internal.Invoker.invokeTestMethods(Invoker.java:1157)
	at org.testng.internal.TestMethodWorker.invokeTestMethods(TestMethodWorker.java:124)
	at org.testng.internal.TestMethodWorker.run(TestMethodWorker.java:108)
	at org.testng.TestRunner.privateRun(TestRunner.java:771)
	at org.testng.TestRunner.run(TestRunner.java:621)
	at org.testng.SuiteRunner.runTest(SuiteRunner.java:357)
	at org.testng.SuiteRunner.runSequentially(SuiteRunner.java:352)
	at org.testng.SuiteRunner.privateRun(SuiteRunner.java:310)
	at org.testng.SuiteRunner.run(SuiteRunner.java:259)
	at org.testng.SuiteRunnerWorker.runSuite(SuiteRunnerWorker.java:52)
	at org.testng.SuiteRunnerWorker.run(SuiteRunnerWorker.java:86)
	at org.testng.TestNG.runSuitesSequentially(TestNG.java:1200)
	at org.testng.TestNG.runSuitesLocally(TestNG.java:1125)
	at org.testng.TestNG.run(TestNG.java:1033)
	at org.testng.remote.RemoteTestNG.run(RemoteTestNG.java:111)
	at org.testng.remote.RemoteTestNG.initAndRun(RemoteTestNG.java:204)
	at org.testng.remote.RemoteTestNG.main(RemoteTestNG.java:175)
]]>
            </full-stacktrace>
          </exception> <!-- java.lang.AssertionError -->
          <reporter-output>
          </reporter-output>
        </test-method> <!-- Laptop_Desktop -->
        <test-method status="PASS" signature="CloseDriver()[pri:0, instance:com.iexceed.TraditionalTestsV2.Task1@1b40d5f0]" name="CloseDriver" is-config="true" duration-ms="70" started-at="2020-06-29T17:50:08Z" finished-at="2020-06-29T17:50:09Z">
          <reporter-output>
          </reporter-output>
        </test-method> <!-- CloseDriver -->
        <test-method status="FAIL" signature="Laptop_Desktop(java.lang.String, java.lang.String, int, int)[pri:0, instance:com.iexceed.TraditionalTestsV2.Task1@1b40d5f0]" name="Laptop_Desktop" duration-ms="19847" started-at="2020-06-29T17:50:09Z" data-provider="BrowserViewPort" finished-at="2020-06-29T17:50:28Z">
          <params>
            <param index="0">
              <value>
                <![CDATA[Laptop/Desktop]]>
              </value>
            </param>
            <param index="1">
              <value>
                <![CDATA[Firefox]]>
              </value>
            </param>
            <param index="2">
              <value>
                <![CDATA[1200]]>
              </value>
            </param>
            <param index="3">
              <value>
                <![CDATA[700]]>
              </value>
            </param>
          </params>
          <exception class="java.lang.AssertionError">
            <message>
              <![CDATA[The following asserts failed:
expected [true] but found [false], expected [true] but found [false], expected [true] but found [false], expected [true] but found [false], expected [true] but found [false], expected [true] but found [false], expected [true] but found [false], expected [true] but found [false], expected [true] but found [false], expected [true] but found [false], expected [true] but found [false], expected [true] but found [false], expected [true] but found [false], expected [true] but found [false], expected [true] but found [false], expected [true] but found [false], expected [true] but found [false], expected [true] but found [false], expected [true] but found [false], expected [true] but found [false], expected [true] but found [false], expected [true] but found [false], expected [true] but found [false], expected [true] but found [false], expected [true] but found [false]]]>
            </message>
            <full-stacktrace>
              <![CDATA[java.lang.AssertionError: The following asserts failed:
expected [true] but found [false], expected [true] but found [false], expected [true] but found [false], expected [true] but found [false], expected [true] but found [false], expected [true] but found [false], expected [true] but found [false], expected [true] but found [false], expected [true] but found [false], expected [true] but found [false], expected [true] but found [false], expected [true] but found [false], expected [true] but found [false], expected [true] but found [false], expected [true] but found [false], expected [true] but found [false], expected [true] but found [false], expected [true] but found [false], expected [true] but found [false], expected [true] but found [false], expected [true] but found [false], expected [true] but found [false], expected [true] but found [false], expected [true] but found [false], expected [true] but found [false]
	at org.testng.asserts.SoftAssert.assertAll(SoftAssert.java:38)
	at com.iexceed.TraditionalTestsV2.Task1.Laptop_Desktop(Task1.java:67)
	at sun.reflect.NativeMethodAccessorImpl.invoke0(Native Method)
	at sun.reflect.NativeMethodAccessorImpl.invoke(NativeMethodAccessorImpl.java:62)
	at sun.reflect.DelegatingMethodAccessorImpl.invoke(DelegatingMethodAccessorImpl.java:43)
	at java.lang.reflect.Method.invoke(Method.java:498)
	at org.testng.internal.MethodInvocationHelper.invokeMethod(MethodInvocationHelper.java:85)
	at org.testng.internal.Invoker.invokeMethod(Invoker.java:663)
	at org.testng.internal.Invoker.invokeTestMethod(Invoker.java:849)
	at org.testng.internal.Invoker.invokeTestMethods(Invoker.java:1157)
	at org.testng.internal.TestMethodWorker.invokeTestMethods(TestMethodWorker.java:124)
	at org.testng.internal.TestMethodWorker.run(TestMethodWorker.java:108)
	at org.testng.TestRunner.privateRun(TestRunner.java:771)
	at org.testng.TestRunner.run(TestRunner.java:621)
	at org.testng.SuiteRunner.runTest(SuiteRunner.java:357)
	at org.testng.SuiteRunner.runSequentially(SuiteRunner.java:352)
	at org.testng.SuiteRunner.privateRun(SuiteRunner.java:310)
	at org.testng.SuiteRunner.run(SuiteRunner.java:259)
	at org.testng.SuiteRunnerWorker.runSuite(SuiteRunnerWorker.java:52)
	at org.testng.SuiteRunnerWorker.run(SuiteRunnerWorker.java:86)
	at org.testng.TestNG.runSuitesSequentially(TestNG.java:1200)
	at org.testng.TestNG.runSuitesLocally(TestNG.java:1125)
	at org.testng.TestNG.run(TestNG.java:1033)
	at org.testng.remote.RemoteTestNG.run(RemoteTestNG.java:111)
	at org.testng.remote.RemoteTestNG.initAndRun(RemoteTestNG.java:204)
	at org.testng.remote.RemoteTestNG.main(RemoteTestNG.java:175)
]]>
            </full-stacktrace>
          </exception> <!-- java.lang.AssertionError -->
          <reporter-output>
          </reporter-output>
        </test-method> <!-- Laptop_Desktop -->
        <test-method status="PASS" signature="CloseDriver()[pri:0, instance:com.iexceed.TraditionalTestsV2.Task1@1b40d5f0]" name="CloseDriver" is-config="true" duration-ms="7975" started-at="2020-06-29T17:50:28Z" finished-at="2020-06-29T17:50:36Z">
          <reporter-output>
          </reporter-output>
        </test-method> <!-- CloseDriver -->
        <test-method status="FAIL" signature="Mobile(java.lang.String, java.lang.String, int, int)[pri:0, instance:com.iexceed.TraditionalTestsV2.Task1@1b40d5f0]" name="Mobile" duration-ms="65975" started-at="2020-06-29T17:50:36Z" data-provider="BrowserViewPort" finished-at="2020-06-29T17:51:42Z">
          <params>
            <param index="0">
              <value>
                <![CDATA[Mobile]]>
              </value>
            </param>
            <param index="1">
              <value>
                <![CDATA[Chrome]]>
              </value>
            </param>
            <param index="2">
              <value>
                <![CDATA[450]]>
              </value>
            </param>
            <param index="3">
              <value>
                <![CDATA[700]]>
              </value>
            </param>
          </params>
          <exception class="java.lang.AssertionError">
            <message>
              <![CDATA[The following asserts failed:
expected [true] but found [false], expected [true] but found [false], expected [true] but found [false], expected [true] but found [false], expected [true] but found [false], expected [true] but found [false], expected [true] but found [false], expected [true] but found [false], expected [true] but found [false], expected [true] but found [false], expected [true] but found [false], expected [true] but found [false], expected [true] but found [false], expected [true] but found [false], expected [true] but found [false], expected [true] but found [false], expected [true] but found [false], expected [true] but found [false], expected [true] but found [false], expected [true] but found [false], expected [true] but found [false], expected [true] but found [false], expected [true] but found [false], expected [true] but found [false], expected [true] but found [false], expected [true] but found [false], expected [true] but found [false], expected [true] but found [false], expected [true] but found [false], expected [true] but found [false], expected [true] but found [false], expected [true] but found [false], expected [true] but found [false], expected [true] but found [false]]]>
            </message>
            <full-stacktrace>
              <![CDATA[java.lang.AssertionError: The following asserts failed:
expected [true] but found [false], expected [true] but found [false], expected [true] but found [false], expected [true] but found [false], expected [true] but found [false], expected [true] but found [false], expected [true] but found [false], expected [true] but found [false], expected [true] but found [false], expected [true] but found [false], expected [true] but found [false], expected [true] but found [false], expected [true] but found [false], expected [true] but found [false], expected [true] but found [false], expected [true] but found [false], expected [true] but found [false], expected [true] but found [false], expected [true] but found [false], expected [true] but found [false], expected [true] but found [false], expected [true] but found [false], expected [true] but found [false], expected [true] but found [false], expected [true] but found [false], expected [true] but found [false], expected [true] but found [false], expected [true] but found [false], expected [true] but found [false], expected [true] but found [false], expected [true] but found [false], expected [true] but found [false], expected [true] but found [false], expected [true] but found [false]
	at org.testng.asserts.SoftAssert.assertAll(SoftAssert.java:38)
	at com.iexceed.TraditionalTestsV2.Task1.Mobile(Task1.java:193)
	at sun.reflect.NativeMethodAccessorImpl.invoke0(Native Method)
	at sun.reflect.NativeMethodAccessorImpl.invoke(NativeMethodAccessorImpl.java:62)
	at sun.reflect.DelegatingMethodAccessorImpl.invoke(DelegatingMethodAccessorImpl.java:43)
	at java.lang.reflect.Method.invoke(Method.java:498)
	at org.testng.internal.MethodInvocationHelper.invokeMethod(MethodInvocationHelper.java:85)
	at org.testng.internal.Invoker.invokeMethod(Invoker.java:663)
	at org.testng.internal.Invoker.invokeTestMethod(Invoker.java:849)
	at org.testng.internal.Invoker.invokeTestMethods(Invoker.java:1157)
	at org.testng.internal.TestMethodWorker.invokeTestMethods(TestMethodWorker.java:124)
	at org.testng.internal.TestMethodWorker.run(TestMethodWorker.java:108)
	at org.testng.TestRunner.privateRun(TestRunner.java:771)
	at org.testng.TestRunner.run(TestRunner.java:621)
	at org.testng.SuiteRunner.runTest(SuiteRunner.java:357)
	at org.testng.SuiteRunner.runSequentially(SuiteRunner.java:352)
	at org.testng.SuiteRunner.privateRun(SuiteRunner.java:310)
	at org.testng.SuiteRunner.run(SuiteRunner.java:259)
	at org.testng.SuiteRunnerWorker.runSuite(SuiteRunnerWorker.java:52)
	at org.testng.SuiteRunnerWorker.run(SuiteRunnerWorker.java:86)
	at org.testng.TestNG.runSuitesSequentially(TestNG.java:1200)
	at org.testng.TestNG.runSuitesLocally(TestNG.java:1125)
	at org.testng.TestNG.run(TestNG.java:1033)
	at org.testng.remote.RemoteTestNG.run(RemoteTestNG.java:111)
	at org.testng.remote.RemoteTestNG.initAndRun(RemoteTestNG.java:204)
	at org.testng.remote.RemoteTestNG.main(RemoteTestNG.java:175)
]]>
            </full-stacktrace>
          </exception> <!-- java.lang.AssertionError -->
          <reporter-output>
          </reporter-output>
        </test-method> <!-- Mobile -->
        <test-method status="PASS" signature="CloseDriver()[pri:0, instance:com.iexceed.TraditionalTestsV2.Task1@1b40d5f0]" name="CloseDriver" is-config="true" duration-ms="67" started-at="2020-06-29T17:51:42Z" finished-at="2020-06-29T17:51:42Z">
          <reporter-output>
          </reporter-output>
        </test-method> <!-- CloseDriver -->
        <test-method status="FAIL" signature="Tab(java.lang.String, java.lang.String, int, int)[pri:0, instance:com.iexceed.TraditionalTestsV2.Task1@1b40d5f0]" name="Tab" duration-ms="74589" started-at="2020-06-29T17:51:42Z" data-provider="BrowserViewPort" finished-at="2020-06-29T17:52:57Z">
          <params>
            <param index="0">
              <value>
                <![CDATA[Tab]]>
              </value>
            </param>
            <param index="1">
              <value>
                <![CDATA[Chrome]]>
              </value>
            </param>
            <param index="2">
              <value>
                <![CDATA[780]]>
              </value>
            </param>
            <param index="3">
              <value>
                <![CDATA[700]]>
              </value>
            </param>
          </params>
          <exception class="java.lang.AssertionError">
            <message>
              <![CDATA[The following asserts failed:
expected [true] but found [false], expected [true] but found [false], expected [true] but found [false], expected [true] but found [false], expected [true] but found [false], expected [true] but found [false], expected [true] but found [false], expected [true] but found [false], expected [true] but found [false], expected [true] but found [false], expected [true] but found [false], expected [true] but found [false], expected [true] but found [false], expected [true] but found [false], expected [true] but found [false], expected [true] but found [false], expected [true] but found [false], expected [true] but found [false], expected [true] but found [false], expected [true] but found [false], expected [true] but found [false], expected [true] but found [false], expected [true] but found [false], expected [true] but found [false], expected [true] but found [false], expected [true] but found [false], expected [true] but found [false], expected [true] but found [false], expected [true] but found [false], expected [true] but found [false]]]>
            </message>
            <full-stacktrace>
              <![CDATA[java.lang.AssertionError: The following asserts failed:
expected [true] but found [false], expected [true] but found [false], expected [true] but found [false], expected [true] but found [false], expected [true] but found [false], expected [true] but found [false], expected [true] but found [false], expected [true] but found [false], expected [true] but found [false], expected [true] but found [false], expected [true] but found [false], expected [true] but found [false], expected [true] but found [false], expected [true] but found [false], expected [true] but found [false], expected [true] but found [false], expected [true] but found [false], expected [true] but found [false], expected [true] but found [false], expected [true] but found [false], expected [true] but found [false], expected [true] but found [false], expected [true] but found [false], expected [true] but found [false], expected [true] but found [false], expected [true] but found [false], expected [true] but found [false], expected [true] but found [false], expected [true] but found [false], expected [true] but found [false]
	at org.testng.asserts.SoftAssert.assertAll(SoftAssert.java:38)
	at com.iexceed.TraditionalTestsV2.Task1.Tab(Task1.java:118)
	at sun.reflect.NativeMethodAccessorImpl.invoke0(Native Method)
	at sun.reflect.NativeMethodAccessorImpl.invoke(NativeMethodAccessorImpl.java:62)
	at sun.reflect.DelegatingMethodAccessorImpl.invoke(DelegatingMethodAccessorImpl.java:43)
	at java.lang.reflect.Method.invoke(Method.java:498)
	at org.testng.internal.MethodInvocationHelper.invokeMethod(MethodInvocationHelper.java:85)
	at org.testng.internal.Invoker.invokeMethod(Invoker.java:663)
	at org.testng.internal.Invoker.invokeTestMethod(Invoker.java:849)
	at org.testng.internal.Invoker.invokeTestMethods(Invoker.java:1157)
	at org.testng.internal.TestMethodWorker.invokeTestMethods(TestMethodWorker.java:124)
	at org.testng.internal.TestMethodWorker.run(TestMethodWorker.java:108)
	at org.testng.TestRunner.privateRun(TestRunner.java:771)
	at org.testng.TestRunner.run(TestRunner.java:621)
	at org.testng.SuiteRunner.runTest(SuiteRunner.java:357)
	at org.testng.SuiteRunner.runSequentially(SuiteRunner.java:352)
	at org.testng.SuiteRunner.privateRun(SuiteRunner.java:310)
	at org.testng.SuiteRunner.run(SuiteRunner.java:259)
	at org.testng.SuiteRunnerWorker.runSuite(SuiteRunnerWorker.java:52)
	at org.testng.SuiteRunnerWorker.run(SuiteRunnerWorker.java:86)
	at org.testng.TestNG.runSuitesSequentially(TestNG.java:1200)
	at org.testng.TestNG.runSuitesLocally(TestNG.java:1125)
	at org.testng.TestNG.run(TestNG.java:1033)
	at org.testng.remote.RemoteTestNG.run(RemoteTestNG.java:111)
	at org.testng.remote.RemoteTestNG.initAndRun(RemoteTestNG.java:204)
	at org.testng.remote.RemoteTestNG.main(RemoteTestNG.java:175)
]]>
            </full-stacktrace>
          </exception> <!-- java.lang.AssertionError -->
          <reporter-output>
          </reporter-output>
        </test-method> <!-- Tab -->
        <test-method status="PASS" signature="CloseDriver()[pri:0, instance:com.iexceed.TraditionalTestsV2.Task1@1b40d5f0]" name="CloseDriver" is-config="true" duration-ms="70" started-at="2020-06-29T17:52:57Z" finished-at="2020-06-29T17:52:57Z">
          <reporter-output>
          </reporter-output>
        </test-method> <!-- CloseDriver -->
        <test-method status="FAIL" signature="Tab(java.lang.String, java.lang.String, int, int)[pri:0, instance:com.iexceed.TraditionalTestsV2.Task1@1b40d5f0]" name="Tab" duration-ms="74081" started-at="2020-06-29T17:52:57Z" data-provider="BrowserViewPort" finished-at="2020-06-29T17:54:11Z">
          <params>
            <param index="0">
              <value>
                <![CDATA[Tab]]>
              </value>
            </param>
            <param index="1">
              <value>
                <![CDATA[Firefox]]>
              </value>
            </param>
            <param index="2">
              <value>
                <![CDATA[780]]>
              </value>
            </param>
            <param index="3">
              <value>
                <![CDATA[700]]>
              </value>
            </param>
          </params>
          <exception class="java.lang.AssertionError">
            <message>
              <![CDATA[The following asserts failed:
expected [true] but found [false], expected [true] but found [false], expected [true] but found [false], expected [true] but found [false], expected [true] but found [false], expected [true] but found [false], expected [true] but found [false], expected [true] but found [false], expected [true] but found [false], expected [true] but found [false], expected [true] but found [false], expected [true] but found [false], expected [true] but found [false], expected [true] but found [false], expected [true] but found [false], expected [true] but found [false], expected [true] but found [false], expected [true] but found [false], expected [true] but found [false], expected [true] but found [false], expected [true] but found [false], expected [true] but found [false], expected [true] but found [false], expected [true] but found [false], expected [true] but found [false], expected [true] but found [false], expected [true] but found [false], expected [true] but found [false], expected [true] but found [false], expected [true] but found [false]]]>
            </message>
            <full-stacktrace>
              <![CDATA[java.lang.AssertionError: The following asserts failed:
expected [true] but found [false], expected [true] but found [false], expected [true] but found [false], expected [true] but found [false], expected [true] but found [false], expected [true] but found [false], expected [true] but found [false], expected [true] but found [false], expected [true] but found [false], expected [true] but found [false], expected [true] but found [false], expected [true] but found [false], expected [true] but found [false], expected [true] but found [false], expected [true] but found [false], expected [true] but found [false], expected [true] but found [false], expected [true] but found [false], expected [true] but found [false], expected [true] but found [false], expected [true] but found [false], expected [true] but found [false], expected [true] but found [false], expected [true] but found [false], expected [true] but found [false], expected [true] but found [false], expected [true] but found [false], expected [true] but found [false], expected [true] but found [false], expected [true] but found [false]
	at org.testng.asserts.SoftAssert.assertAll(SoftAssert.java:38)
	at com.iexceed.TraditionalTestsV2.Task1.Tab(Task1.java:118)
	at sun.reflect.NativeMethodAccessorImpl.invoke0(Native Method)
	at sun.reflect.NativeMethodAccessorImpl.invoke(NativeMethodAccessorImpl.java:62)
	at sun.reflect.DelegatingMethodAccessorImpl.invoke(DelegatingMethodAccessorImpl.java:43)
	at java.lang.reflect.Method.invoke(Method.java:498)
	at org.testng.internal.MethodInvocationHelper.invokeMethod(MethodInvocationHelper.java:85)
	at org.testng.internal.Invoker.invokeMethod(Invoker.java:663)
	at org.testng.internal.Invoker.invokeTestMethod(Invoker.java:849)
	at org.testng.internal.Invoker.invokeTestMethods(Invoker.java:1157)
	at org.testng.internal.TestMethodWorker.invokeTestMethods(TestMethodWorker.java:124)
	at org.testng.internal.TestMethodWorker.run(TestMethodWorker.java:108)
	at org.testng.TestRunner.privateRun(TestRunner.java:771)
	at org.testng.TestRunner.run(TestRunner.java:621)
	at org.testng.SuiteRunner.runTest(SuiteRunner.java:357)
	at org.testng.SuiteRunner.runSequentially(SuiteRunner.java:352)
	at org.testng.SuiteRunner.privateRun(SuiteRunner.java:310)
	at org.testng.SuiteRunner.run(SuiteRunner.java:259)
	at org.testng.SuiteRunnerWorker.runSuite(SuiteRunnerWorker.java:52)
	at org.testng.SuiteRunnerWorker.run(SuiteRunnerWorker.java:86)
	at org.testng.TestNG.runSuitesSequentially(TestNG.java:1200)
	at org.testng.TestNG.runSuitesLocally(TestNG.java:1125)
	at org.testng.TestNG.run(TestNG.java:1033)
	at org.testng.remote.RemoteTestNG.run(RemoteTestNG.java:111)
	at org.testng.remote.RemoteTestNG.initAndRun(RemoteTestNG.java:204)
	at org.testng.remote.RemoteTestNG.main(RemoteTestNG.java:175)
]]>
            </full-stacktrace>
          </exception> <!-- java.lang.AssertionError -->
          <reporter-output>
          </reporter-output>
        </test-method> <!-- Tab -->
        <test-method status="PASS" signature="CloseDriver()[pri:0, instance:com.iexceed.TraditionalTestsV2.Task1@1b40d5f0]" name="CloseDriver" is-config="true" duration-ms="928" started-at="2020-06-29T17:54:11Z" finished-at="2020-06-29T17:54:12Z">
          <reporter-output>
          </reporter-output>
        </test-method> <!-- CloseDriver -->
      </class> <!-- com.iexceed.TraditionalTestsV2.Task1 -->
    </test> <!-- Default test -->
  </suite> <!-- Default suite -->
</testng-results>
