<?xml version="1.0" encoding="UTF-8"?>
<!-- Generated by org.testng.reporters.JUnitXMLReporter -->
<testsuite hostname="IXED-LAP000264" ignored="0" name="Surefire test" tests="15" failures="15" timestamp="30 Jun 2020 07:57:45 GMT" time="511.743" errors="0">
  <testcase name="Laptop_Desktop" time="20.565" classname="com.iexceed.TraditionalTestsV2.Task1">
    <failure type="java.lang.AssertionError" message="The following asserts failed:
	expected [true] but found [false],
	expected [true] but found [false],
	expected [true] but found [false],
	expected [true] but found [false],
	expected [true] but found [false],
	expected [true] but found [false],
	expected [true] but found [false],
	expected [true] but found [false],
	expected [true] but found [false],
	expected [true] but found [false],
	expected [true] but found [false],
	expected [true] but found [false],
	expected [true] but found [false],
	expected [true] but found [false],
	expected [true] but found [false],
	expected [true] but found [false],
	expected [true] but found [false],
	expected [true] but found [false],
	expected [true] but found [false],
	expected [true] but found [false],
	expected [true] but found [false],
	expected [true] but found [false],
	expected [true] but found [false],
	expected [true] but found [false],
	expected [true] but found [false],
	expected [true] but found [false],
	expected [true] but found [false],
	expected [true] but found [false]">
      <![CDATA[java.lang.AssertionError: The following asserts failed:
expected [true] but found [false],
expected [true] but found [false],
expected [true] but found [false],
expected [true] but found [false],
expected [true] but found [false],
expected [true] but found [false],
expected [true] but found [false],
expected [true] but found [false],
expected [true] but found [false],
expected [true] but found [false],
expected [true] but found [false],
expected [true] but found [false],
expected [true] but found [false],
expected [true] but found [false],
expected [true] but found [false],
expected [true] but found [false],
expected [true] but found [false],
expected [true] but found [false],
expected [true] but found [false],
expected [true] but found [false],
expected [true] but found [false],
expected [true] but found [false],
expected [true] but found [false],
expected [true] but found [false],
expected [true] but found [false],
expected [true] but found [false],
expected [true] but found [false],
expected [true] but found [false]
at com.iexceed.TraditionalTestsV2.Task1.Laptop_Desktop(Task1.java:67)
... Removed 31 stack frames]]>
    </failure>
  </testcase> <!-- Laptop_Desktop -->
  <testcase name="Laptop_Desktop" time="24.703" classname="com.iexceed.TraditionalTestsV2.Task1">
    <failure type="java.lang.AssertionError" message="The following asserts failed:
	expected [true] but found [false],
	expected [true] but found [false],
	expected [true] but found [false],
	expected [true] but found [false],
	expected [true] but found [false],
	expected [true] but found [false],
	expected [true] but found [false],
	expected [true] but found [false],
	expected [true] but found [false],
	expected [true] but found [false],
	expected [true] but found [false],
	expected [true] but found [false],
	expected [true] but found [false],
	expected [true] but found [false],
	expected [true] but found [false],
	expected [true] but found [false],
	expected [true] but found [false],
	expected [true] but found [false],
	expected [true] but found [false],
	expected [true] but found [false],
	expected [true] but found [false],
	expected [true] but found [false],
	expected [true] but found [false],
	expected [true] but found [false],
	expected [true] but found [false]">
      <![CDATA[java.lang.AssertionError: The following asserts failed:
expected [true] but found [false],
expected [true] but found [false],
expected [true] but found [false],
expected [true] but found [false],
expected [true] but found [false],
expected [true] but found [false],
expected [true] but found [false],
expected [true] but found [false],
expected [true] but found [false],
expected [true] but found [false],
expected [true] but found [false],
expected [true] but found [false],
expected [true] but found [false],
expected [true] but found [false],
expected [true] but found [false],
expected [true] but found [false],
expected [true] but found [false],
expected [true] but found [false],
expected [true] but found [false],
expected [true] but found [false],
expected [true] but found [false],
expected [true] but found [false],
expected [true] but found [false],
expected [true] but found [false],
expected [true] but found [false]
at com.iexceed.TraditionalTestsV2.Task1.Laptop_Desktop(Task1.java:67)
... Removed 31 stack frames]]>
    </failure>
  </testcase> <!-- Laptop_Desktop -->
  <testcase name="Mobile" time="68.436" classname="com.iexceed.TraditionalTestsV2.Task1">
    <failure type="java.lang.AssertionError" message="The following asserts failed:
	expected [true] but found [false],
	expected [true] but found [false],
	expected [true] but found [false],
	expected [true] but found [false],
	expected [true] but found [false],
	expected [true] but found [false],
	expected [true] but found [false],
	expected [true] but found [false],
	expected [true] but found [false],
	expected [true] but found [false],
	expected [true] but found [false],
	expected [true] but found [false],
	expected [true] but found [false],
	expected [true] but found [false],
	expected [true] but found [false],
	expected [true] but found [false],
	expected [true] but found [false],
	expected [true] but found [false],
	expected [true] but found [false],
	expected [true] but found [false],
	expected [true] but found [false],
	expected [true] but found [false],
	expected [true] but found [false],
	expected [true] but found [false],
	expected [true] but found [false],
	expected [true] but found [false],
	expected [true] but found [false],
	expected [true] but found [false],
	expected [true] but found [false],
	expected [true] but found [false],
	expected [true] but found [false],
	expected [true] but found [false],
	expected [true] but found [false],
	expected [true] but found [false]">
      <![CDATA[java.lang.AssertionError: The following asserts failed:
expected [true] but found [false],
expected [true] but found [false],
expected [true] but found [false],
expected [true] but found [false],
expected [true] but found [false],
expected [true] but found [false],
expected [true] but found [false],
expected [true] but found [false],
expected [true] but found [false],
expected [true] but found [false],
expected [true] but found [false],
expected [true] but found [false],
expected [true] but found [false],
expected [true] but found [false],
expected [true] but found [false],
expected [true] but found [false],
expected [true] but found [false],
expected [true] but found [false],
expected [true] but found [false],
expected [true] but found [false],
expected [true] but found [false],
expected [true] but found [false],
expected [true] but found [false],
expected [true] but found [false],
expected [true] but found [false],
expected [true] but found [false],
expected [true] but found [false],
expected [true] but found [false],
expected [true] but found [false],
expected [true] but found [false],
expected [true] but found [false],
expected [true] but found [false],
expected [true] but found [false],
expected [true] but found [false]
at com.iexceed.TraditionalTestsV2.Task1.Mobile(Task1.java:194)
... Removed 31 stack frames]]>
    </failure>
  </testcase> <!-- Mobile -->
  <testcase name="Tab" time="73.975" classname="com.iexceed.TraditionalTestsV2.Task1">
    <failure type="java.lang.AssertionError" message="The following asserts failed:
	expected [true] but found [false],
	expected [true] but found [false],
	expected [true] but found [false],
	expected [true] but found [false],
	expected [true] but found [false],
	expected [true] but found [false],
	expected [true] but found [false],
	expected [true] but found [false],
	expected [true] but found [false],
	expected [true] but found [false],
	expected [true] but found [false],
	expected [true] but found [false],
	expected [true] but found [false],
	expected [true] but found [false],
	expected [true] but found [false],
	expected [true] but found [false],
	expected [true] but found [false],
	expected [true] but found [false],
	expected [true] but found [false],
	expected [true] but found [false],
	expected [true] but found [false],
	expected [true] but found [false],
	expected [true] but found [false],
	expected [true] but found [false],
	expected [true] but found [false],
	expected [true] but found [false],
	expected [true] but found [false],
	expected [true] but found [false],
	expected [true] but found [false],
	expected [true] but found [false]">
      <![CDATA[java.lang.AssertionError: The following asserts failed:
expected [true] but found [false],
expected [true] but found [false],
expected [true] but found [false],
expected [true] but found [false],
expected [true] but found [false],
expected [true] but found [false],
expected [true] but found [false],
expected [true] but found [false],
expected [true] but found [false],
expected [true] but found [false],
expected [true] but found [false],
expected [true] but found [false],
expected [true] but found [false],
expected [true] but found [false],
expected [true] but found [false],
expected [true] but found [false],
expected [true] but found [false],
expected [true] but found [false],
expected [true] but found [false],
expected [true] but found [false],
expected [true] but found [false],
expected [true] but found [false],
expected [true] but found [false],
expected [true] but found [false],
expected [true] but found [false],
expected [true] but found [false],
expected [true] but found [false],
expected [true] but found [false],
expected [true] but found [false],
expected [true] but found [false]
at com.iexceed.TraditionalTestsV2.Task1.Tab(Task1.java:119)
... Removed 31 stack frames]]>
    </failure>
  </testcase> <!-- Tab -->
  <testcase name="Tab" time="76.111" classname="com.iexceed.TraditionalTestsV2.Task1">
    <failure type="java.lang.AssertionError" message="The following asserts failed:
	expected [true] but found [false],
	expected [true] but found [false],
	expected [true] but found [false],
	expected [true] but found [false],
	expected [true] but found [false],
	expected [true] but found [false],
	expected [true] but found [false],
	expected [true] but found [false],
	expected [true] but found [false],
	expected [true] but found [false],
	expected [true] but found [false],
	expected [true] but found [false],
	expected [true] but found [false],
	expected [true] but found [false],
	expected [true] but found [false],
	expected [true] but found [false],
	expected [true] but found [false],
	expected [true] but found [false],
	expected [true] but found [false],
	expected [true] but found [false],
	expected [true] but found [false],
	expected [true] but found [false],
	expected [true] but found [false],
	expected [true] but found [false],
	expected [true] but found [false],
	expected [true] but found [false],
	expected [true] but found [false],
	expected [true] but found [false],
	expected [true] but found [false],
	expected [true] but found [false]">
      <![CDATA[java.lang.AssertionError: The following asserts failed:
expected [true] but found [false],
expected [true] but found [false],
expected [true] but found [false],
expected [true] but found [false],
expected [true] but found [false],
expected [true] but found [false],
expected [true] but found [false],
expected [true] but found [false],
expected [true] but found [false],
expected [true] but found [false],
expected [true] but found [false],
expected [true] but found [false],
expected [true] but found [false],
expected [true] but found [false],
expected [true] but found [false],
expected [true] but found [false],
expected [true] but found [false],
expected [true] but found [false],
expected [true] but found [false],
expected [true] but found [false],
expected [true] but found [false],
expected [true] but found [false],
expected [true] but found [false],
expected [true] but found [false],
expected [true] but found [false],
expected [true] but found [false],
expected [true] but found [false],
expected [true] but found [false],
expected [true] but found [false],
expected [true] but found [false]
at com.iexceed.TraditionalTestsV2.Task1.Tab(Task1.java:119)
... Removed 31 stack frames]]>
    </failure>
  </testcase> <!-- Tab -->
  <testcase name="Laptop_Desktop" time="9.547" classname="com.iexceed.TraditionalTestsV2.Task2">
    <failure type="java.lang.AssertionError" message="The following asserts failed:
	expected [true] but found [false],
	expected [true] but found [false],
	expected [true] but found [false],
	expected [true] but found [false],
	expected [true] but found [false],
	expected [true] but found [false],
	expected [true] but found [false],
	expected [true] but found [false]">
      <![CDATA[java.lang.AssertionError: The following asserts failed:
expected [true] but found [false],
expected [true] but found [false],
expected [true] but found [false],
expected [true] but found [false],
expected [true] but found [false],
expected [true] but found [false],
expected [true] but found [false],
expected [true] but found [false]
at com.iexceed.TraditionalTestsV2.Task2.Laptop_Desktop(Task2.java:71)
... Removed 31 stack frames]]>
    </failure>
  </testcase> <!-- Laptop_Desktop -->
  <testcase name="Laptop_Desktop" time="16.859" classname="com.iexceed.TraditionalTestsV2.Task2">
    <failure type="java.lang.AssertionError" message="The following asserts failed:
	expected [true] but found [false],
	expected [true] but found [false],
	expected [true] but found [false],
	expected [true] but found [false],
	expected [true] but found [false],
	expected [true] but found [false],
	expected [true] but found [false],
	expected [true] but found [false]">
      <![CDATA[java.lang.AssertionError: The following asserts failed:
expected [true] but found [false],
expected [true] but found [false],
expected [true] but found [false],
expected [true] but found [false],
expected [true] but found [false],
expected [true] but found [false],
expected [true] but found [false],
expected [true] but found [false]
at com.iexceed.TraditionalTestsV2.Task2.Laptop_Desktop(Task2.java:71)
... Removed 31 stack frames]]>
    </failure>
  </testcase> <!-- Laptop_Desktop -->
  <testcase name="Mobile" time="19.43" classname="com.iexceed.TraditionalTestsV2.Task2">
    <failure type="java.lang.AssertionError" message="The following asserts failed:
	expected [true] but found [false],
	expected [true] but found [false],
	expected [true] but found [false],
	expected [true] but found [false],
	expected [true] but found [false],
	expected [true] but found [false],
	expected [true] but found [false],
	expected [true] but found [false],
	expected [true] but found [false],
	expected [true] but found [false],
	expected [true] but found [false],
	expected [true] but found [false],
	expected [true] but found [false],
	expected [true] but found [false]">
      <![CDATA[java.lang.AssertionError: The following asserts failed:
expected [true] but found [false],
expected [true] but found [false],
expected [true] but found [false],
expected [true] but found [false],
expected [true] but found [false],
expected [true] but found [false],
expected [true] but found [false],
expected [true] but found [false],
expected [true] but found [false],
expected [true] but found [false],
expected [true] but found [false],
expected [true] but found [false],
expected [true] but found [false],
expected [true] but found [false]
at com.iexceed.TraditionalTestsV2.Task2.Mobile(Task2.java:233)
... Removed 31 stack frames]]>
    </failure>
  </testcase> <!-- Mobile -->
  <testcase name="Tab" time="17.62" classname="com.iexceed.TraditionalTestsV2.Task2">
    <failure type="java.lang.AssertionError" message="The following asserts failed:
	expected [true] but found [false],
	expected [true] but found [false],
	expected [true] but found [false],
	expected [true] but found [false],
	expected [true] but found [false],
	expected [true] but found [false],
	expected [true] but found [false],
	expected [true] but found [false],
	expected [true] but found [false],
	expected [true] but found [false]">
      <![CDATA[java.lang.AssertionError: The following asserts failed:
expected [true] but found [false],
expected [true] but found [false],
expected [true] but found [false],
expected [true] but found [false],
expected [true] but found [false],
expected [true] but found [false],
expected [true] but found [false],
expected [true] but found [false],
expected [true] but found [false],
expected [true] but found [false]
at com.iexceed.TraditionalTestsV2.Task2.Tab(Task2.java:139)
... Removed 31 stack frames]]>
    </failure>
  </testcase> <!-- Tab -->
  <testcase name="Tab" time="24.286" classname="com.iexceed.TraditionalTestsV2.Task2">
    <failure type="java.lang.AssertionError" message="The following asserts failed:
	expected [true] but found [false],
	expected [true] but found [false],
	expected [true] but found [false],
	expected [true] but found [false],
	expected [true] but found [false],
	expected [true] but found [false],
	expected [true] but found [false],
	expected [true] but found [false],
	expected [true] but found [false],
	expected [true] but found [false]">
      <![CDATA[java.lang.AssertionError: The following asserts failed:
expected [true] but found [false],
expected [true] but found [false],
expected [true] but found [false],
expected [true] but found [false],
expected [true] but found [false],
expected [true] but found [false],
expected [true] but found [false],
expected [true] but found [false],
expected [true] but found [false],
expected [true] but found [false]
at com.iexceed.TraditionalTestsV2.Task2.Tab(Task2.java:139)
... Removed 31 stack frames]]>
    </failure>
  </testcase> <!-- Tab -->
  <testcase name="Laptop_Desktop" time="11.628" classname="com.iexceed.TraditionalTestsV2.Task3">
    <failure type="java.lang.AssertionError" message="The following asserts failed:
	expected [true] but found [false],
	expected [true] but found [false],
	expected [true] but found [false]">
      <![CDATA[java.lang.AssertionError: The following asserts failed:
expected [true] but found [false],
expected [true] but found [false],
expected [true] but found [false]
at com.iexceed.TraditionalTestsV2.Task3.Laptop_Desktop(Task3.java:62)
... Removed 31 stack frames]]>
    </failure>
  </testcase> <!-- Laptop_Desktop -->
  <testcase name="Laptop_Desktop" time="16.221" classname="com.iexceed.TraditionalTestsV2.Task3">
    <failure type="java.lang.AssertionError" message="The following asserts failed:
	expected [true] but found [false],
	expected [true] but found [false],
	expected [true] but found [false],
	expected [true] but found [false]">
      <![CDATA[java.lang.AssertionError: The following asserts failed:
expected [true] but found [false],
expected [true] but found [false],
expected [true] but found [false],
expected [true] but found [false]
at com.iexceed.TraditionalTestsV2.Task3.Laptop_Desktop(Task3.java:62)
... Removed 31 stack frames]]>
    </failure>
  </testcase> <!-- Laptop_Desktop -->
  <testcase name="Mobile" time="18.34" classname="com.iexceed.TraditionalTestsV2.Task3">
    <failure type="java.lang.AssertionError" message="The following asserts failed:
	expected [true] but found [false],
	expected [true] but found [false],
	expected [true] but found [false],
	expected [true] but found [false],
	expected [true] but found [false]">
      <![CDATA[java.lang.AssertionError: The following asserts failed:
expected [true] but found [false],
expected [true] but found [false],
expected [true] but found [false],
expected [true] but found [false],
expected [true] but found [false]
at com.iexceed.TraditionalTestsV2.Task3.Mobile(Task3.java:202)
... Removed 31 stack frames]]>
    </failure>
  </testcase> <!-- Mobile -->
  <testcase name="Tab" time="30.759" classname="com.iexceed.TraditionalTestsV2.Task3">
    <failure type="java.lang.AssertionError" message="The following asserts failed:
	expected [true] but found [false],
	expected [true] but found [false],
	expected [true] but found [false],
	expected [true] but found [false],
	expected [true] but found [false],
	expected [true] but found [false],
	expected [true] but found [false],
	expected [true] but found [false]">
      <![CDATA[java.lang.AssertionError: The following asserts failed:
expected [true] but found [false],
expected [true] but found [false],
expected [true] but found [false],
expected [true] but found [false],
expected [true] but found [false],
expected [true] but found [false],
expected [true] but found [false],
expected [true] but found [false]
at com.iexceed.TraditionalTestsV2.Task3.Tab(Task3.java:143)
... Removed 31 stack frames]]>
    </failure>
  </testcase> <!-- Tab -->
  <testcase name="Tab" time="38.933" classname="com.iexceed.TraditionalTestsV2.Task3">
    <failure type="java.lang.AssertionError" message="The following asserts failed:
	expected [true] but found [false],
	expected [true] but found [false],
	expected [true] but found [false],
	expected [true] but found [false],
	expected [true] but found [false],
	expected [true] but found [false],
	expected [true] but found [false],
	expected [true] but found [false],
	expected [true] but found [false]">
      <![CDATA[java.lang.AssertionError: The following asserts failed:
expected [true] but found [false],
expected [true] but found [false],
expected [true] but found [false],
expected [true] but found [false],
expected [true] but found [false],
expected [true] but found [false],
expected [true] but found [false],
expected [true] but found [false],
expected [true] but found [false]
at com.iexceed.TraditionalTestsV2.Task3.Tab(Task3.java:143)
... Removed 31 stack frames]]>
    </failure>
  </testcase> <!-- Tab -->
</testsuite> <!-- Surefire test -->
