<?xml version="1.0" encoding="UTF-8"?>
<!-- Generated by org.testng.reporters.JUnitReportReporter -->
<testsuite hostname="IXED-DESKSLM015" name="com.iexceed.TraditionalTestsV2.CrossBrowserElementsTest" tests="5" failures="5" timestamp="26 Jun 2020 09:44:47 GMT" time="256.144" errors="0">
  <testcase name="Tab" time="71.785" classname="com.iexceed.TraditionalTestsV2.CrossBrowserElementsTest">
    <failure type="java.lang.AssertionError" message="The following asserts failed:
expected [true] but found [false], expected [true] but found [false], expected [true] but found [false], expected [true] but found [false], expected [true] but found [false], expected [true] but found [false], expected [true] but found [false], expected [true] but found [false], expected [true] but found [false], expected [true] but found [false], expected [true] but found [false], expected [true] but found [false], expected [true] but found [false], expected [true] but found [false], expected [true] but found [false], expected [true] but found [false], expected [true] but found [false], expected [true] but found [false], expected [true] but found [false], expected [true] but found [false], expected [true] but found [false], expected [true] but found [false], expected [true] but found [false], expected [true] but found [false], expected [true] but found [false], expected [true] but found [false], expected [true] but found [false], expected [true] but found [false], expected [true] but found [false], expected [true] but found [false]">
      <![CDATA[java.lang.AssertionError: The following asserts failed:
expected [true] but found [false], expected [true] but found [false], expected [true] but found [false], expected [true] but found [false], expected [true] but found [false], expected [true] but found [false], expected [true] but found [false], expected [true] but found [false], expected [true] but found [false], expected [true] but found [false], expected [true] but found [false], expected [true] but found [false], expected [true] but found [false], expected [true] but found [false], expected [true] but found [false], expected [true] but found [false], expected [true] but found [false], expected [true] but found [false], expected [true] but found [false], expected [true] but found [false], expected [true] but found [false], expected [true] but found [false], expected [true] but found [false], expected [true] but found [false], expected [true] but found [false], expected [true] but found [false], expected [true] but found [false], expected [true] but found [false], expected [true] but found [false], expected [true] but found [false]
	at org.testng.asserts.SoftAssert.assertAll(SoftAssert.java:38)
	at com.iexceed.TraditionalTestsV2.CrossBrowserElementsTest.Tab(CrossBrowserElementsTest.java:119)
	at sun.reflect.NativeMethodAccessorImpl.invoke0(Native Method)
	at sun.reflect.NativeMethodAccessorImpl.invoke(NativeMethodAccessorImpl.java:62)
	at sun.reflect.DelegatingMethodAccessorImpl.invoke(DelegatingMethodAccessorImpl.java:43)
	at java.lang.reflect.Method.invoke(Method.java:498)
	at org.testng.internal.MethodInvocationHelper.invokeMethod(MethodInvocationHelper.java:85)
	at org.testng.internal.Invoker.invokeMethod(Invoker.java:663)
	at org.testng.internal.Invoker.invokeTestMethod(Invoker.java:849)
	at org.testng.internal.Invoker.invokeTestMethods(Invoker.java:1157)
	at org.testng.internal.TestMethodWorker.invokeTestMethods(TestMethodWorker.java:124)
	at org.testng.internal.TestMethodWorker.run(TestMethodWorker.java:108)
	at org.testng.TestRunner.privateRun(TestRunner.java:771)
	at org.testng.TestRunner.run(TestRunner.java:621)
	at org.testng.SuiteRunner.runTest(SuiteRunner.java:357)
	at org.testng.SuiteRunner.runSequentially(SuiteRunner.java:352)
	at org.testng.SuiteRunner.privateRun(SuiteRunner.java:310)
	at org.testng.SuiteRunner.run(SuiteRunner.java:259)
	at org.testng.SuiteRunnerWorker.runSuite(SuiteRunnerWorker.java:52)
	at org.testng.SuiteRunnerWorker.run(SuiteRunnerWorker.java:86)
	at org.testng.TestNG.runSuitesSequentially(TestNG.java:1200)
	at org.testng.TestNG.runSuitesLocally(TestNG.java:1125)
	at org.testng.TestNG.run(TestNG.java:1033)
	at org.testng.remote.RemoteTestNG.run(RemoteTestNG.java:111)
	at org.testng.remote.RemoteTestNG.initAndRun(RemoteTestNG.java:204)
	at org.testng.remote.RemoteTestNG.main(RemoteTestNG.java:175)
]]>
    </failure>
  </testcase> <!-- Tab -->
  <testcase name="Laptop_Desktop" time="21.709" classname="com.iexceed.TraditionalTestsV2.CrossBrowserElementsTest">
    <failure type="java.lang.AssertionError" message="The following asserts failed:
expected [true] but found [false], expected [true] but found [false], expected [true] but found [false], expected [true] but found [false], expected [true] but found [false], expected [true] but found [false], expected [true] but found [false], expected [true] but found [false], expected [true] but found [false], expected [true] but found [false], expected [true] but found [false], expected [true] but found [false], expected [true] but found [false], expected [true] but found [false], expected [true] but found [false], expected [true] but found [false], expected [true] but found [false], expected [true] but found [false], expected [true] but found [false], expected [true] but found [false], expected [true] but found [false], expected [true] but found [false], expected [true] but found [false], expected [true] but found [false], expected [true] but found [false]">
      <![CDATA[java.lang.AssertionError: The following asserts failed:
expected [true] but found [false], expected [true] but found [false], expected [true] but found [false], expected [true] but found [false], expected [true] but found [false], expected [true] but found [false], expected [true] but found [false], expected [true] but found [false], expected [true] but found [false], expected [true] but found [false], expected [true] but found [false], expected [true] but found [false], expected [true] but found [false], expected [true] but found [false], expected [true] but found [false], expected [true] but found [false], expected [true] but found [false], expected [true] but found [false], expected [true] but found [false], expected [true] but found [false], expected [true] but found [false], expected [true] but found [false], expected [true] but found [false], expected [true] but found [false], expected [true] but found [false]
	at org.testng.asserts.SoftAssert.assertAll(SoftAssert.java:38)
	at com.iexceed.TraditionalTestsV2.CrossBrowserElementsTest.Laptop_Desktop(CrossBrowserElementsTest.java:68)
	at sun.reflect.NativeMethodAccessorImpl.invoke0(Native Method)
	at sun.reflect.NativeMethodAccessorImpl.invoke(NativeMethodAccessorImpl.java:62)
	at sun.reflect.DelegatingMethodAccessorImpl.invoke(DelegatingMethodAccessorImpl.java:43)
	at java.lang.reflect.Method.invoke(Method.java:498)
	at org.testng.internal.MethodInvocationHelper.invokeMethod(MethodInvocationHelper.java:85)
	at org.testng.internal.Invoker.invokeMethod(Invoker.java:663)
	at org.testng.internal.Invoker.invokeTestMethod(Invoker.java:849)
	at org.testng.internal.Invoker.invokeTestMethods(Invoker.java:1157)
	at org.testng.internal.TestMethodWorker.invokeTestMethods(TestMethodWorker.java:124)
	at org.testng.internal.TestMethodWorker.run(TestMethodWorker.java:108)
	at org.testng.TestRunner.privateRun(TestRunner.java:771)
	at org.testng.TestRunner.run(TestRunner.java:621)
	at org.testng.SuiteRunner.runTest(SuiteRunner.java:357)
	at org.testng.SuiteRunner.runSequentially(SuiteRunner.java:352)
	at org.testng.SuiteRunner.privateRun(SuiteRunner.java:310)
	at org.testng.SuiteRunner.run(SuiteRunner.java:259)
	at org.testng.SuiteRunnerWorker.runSuite(SuiteRunnerWorker.java:52)
	at org.testng.SuiteRunnerWorker.run(SuiteRunnerWorker.java:86)
	at org.testng.TestNG.runSuitesSequentially(TestNG.java:1200)
	at org.testng.TestNG.runSuitesLocally(TestNG.java:1125)
	at org.testng.TestNG.run(TestNG.java:1033)
	at org.testng.remote.RemoteTestNG.run(RemoteTestNG.java:111)
	at org.testng.remote.RemoteTestNG.initAndRun(RemoteTestNG.java:204)
	at org.testng.remote.RemoteTestNG.main(RemoteTestNG.java:175)
]]>
    </failure>
  </testcase> <!-- Laptop_Desktop -->
  <testcase name="Mobile" time="66.724" classname="com.iexceed.TraditionalTestsV2.CrossBrowserElementsTest">
    <failure type="java.lang.AssertionError" message="The following asserts failed:
expected [true] but found [false], expected [true] but found [false], expected [true] but found [false], expected [true] but found [false], expected [true] but found [false], expected [true] but found [false], expected [true] but found [false], expected [true] but found [false], expected [true] but found [false], expected [true] but found [false], expected [true] but found [false], expected [true] but found [false], expected [true] but found [false], expected [true] but found [false], expected [true] but found [false], expected [true] but found [false], expected [true] but found [false], expected [true] but found [false], expected [true] but found [false], expected [true] but found [false], expected [true] but found [false], expected [true] but found [false], expected [true] but found [false], expected [true] but found [false], expected [true] but found [false], expected [true] but found [false], expected [true] but found [false], expected [true] but found [false], expected [true] but found [false], expected [true] but found [false], expected [true] but found [false], expected [true] but found [false], expected [true] but found [false], expected [true] but found [false]">
      <![CDATA[java.lang.AssertionError: The following asserts failed:
expected [true] but found [false], expected [true] but found [false], expected [true] but found [false], expected [true] but found [false], expected [true] but found [false], expected [true] but found [false], expected [true] but found [false], expected [true] but found [false], expected [true] but found [false], expected [true] but found [false], expected [true] but found [false], expected [true] but found [false], expected [true] but found [false], expected [true] but found [false], expected [true] but found [false], expected [true] but found [false], expected [true] but found [false], expected [true] but found [false], expected [true] but found [false], expected [true] but found [false], expected [true] but found [false], expected [true] but found [false], expected [true] but found [false], expected [true] but found [false], expected [true] but found [false], expected [true] but found [false], expected [true] but found [false], expected [true] but found [false], expected [true] but found [false], expected [true] but found [false], expected [true] but found [false], expected [true] but found [false], expected [true] but found [false], expected [true] but found [false]
	at org.testng.asserts.SoftAssert.assertAll(SoftAssert.java:38)
	at com.iexceed.TraditionalTestsV2.CrossBrowserElementsTest.Mobile(CrossBrowserElementsTest.java:194)
	at sun.reflect.NativeMethodAccessorImpl.invoke0(Native Method)
	at sun.reflect.NativeMethodAccessorImpl.invoke(NativeMethodAccessorImpl.java:62)
	at sun.reflect.DelegatingMethodAccessorImpl.invoke(DelegatingMethodAccessorImpl.java:43)
	at java.lang.reflect.Method.invoke(Method.java:498)
	at org.testng.internal.MethodInvocationHelper.invokeMethod(MethodInvocationHelper.java:85)
	at org.testng.internal.Invoker.invokeMethod(Invoker.java:663)
	at org.testng.internal.Invoker.invokeTestMethod(Invoker.java:849)
	at org.testng.internal.Invoker.invokeTestMethods(Invoker.java:1157)
	at org.testng.internal.TestMethodWorker.invokeTestMethods(TestMethodWorker.java:124)
	at org.testng.internal.TestMethodWorker.run(TestMethodWorker.java:108)
	at org.testng.TestRunner.privateRun(TestRunner.java:771)
	at org.testng.TestRunner.run(TestRunner.java:621)
	at org.testng.SuiteRunner.runTest(SuiteRunner.java:357)
	at org.testng.SuiteRunner.runSequentially(SuiteRunner.java:352)
	at org.testng.SuiteRunner.privateRun(SuiteRunner.java:310)
	at org.testng.SuiteRunner.run(SuiteRunner.java:259)
	at org.testng.SuiteRunnerWorker.runSuite(SuiteRunnerWorker.java:52)
	at org.testng.SuiteRunnerWorker.run(SuiteRunnerWorker.java:86)
	at org.testng.TestNG.runSuitesSequentially(TestNG.java:1200)
	at org.testng.TestNG.runSuitesLocally(TestNG.java:1125)
	at org.testng.TestNG.run(TestNG.java:1033)
	at org.testng.remote.RemoteTestNG.run(RemoteTestNG.java:111)
	at org.testng.remote.RemoteTestNG.initAndRun(RemoteTestNG.java:204)
	at org.testng.remote.RemoteTestNG.main(RemoteTestNG.java:175)
]]>
    </failure>
  </testcase> <!-- Mobile -->
  <testcase name="Tab" time="79.495" classname="com.iexceed.TraditionalTestsV2.CrossBrowserElementsTest">
    <failure type="java.lang.AssertionError" message="The following asserts failed:
expected [true] but found [false], expected [true] but found [false], expected [true] but found [false], expected [true] but found [false], expected [true] but found [false], expected [true] but found [false], expected [true] but found [false], expected [true] but found [false], expected [true] but found [false], expected [true] but found [false], expected [true] but found [false], expected [true] but found [false], expected [true] but found [false], expected [true] but found [false], expected [true] but found [false], expected [true] but found [false], expected [true] but found [false], expected [true] but found [false], expected [true] but found [false], expected [true] but found [false], expected [true] but found [false], expected [true] but found [false], expected [true] but found [false], expected [true] but found [false], expected [true] but found [false], expected [true] but found [false], expected [true] but found [false], expected [true] but found [false], expected [true] but found [false], expected [true] but found [false]">
      <![CDATA[java.lang.AssertionError: The following asserts failed:
expected [true] but found [false], expected [true] but found [false], expected [true] but found [false], expected [true] but found [false], expected [true] but found [false], expected [true] but found [false], expected [true] but found [false], expected [true] but found [false], expected [true] but found [false], expected [true] but found [false], expected [true] but found [false], expected [true] but found [false], expected [true] but found [false], expected [true] but found [false], expected [true] but found [false], expected [true] but found [false], expected [true] but found [false], expected [true] but found [false], expected [true] but found [false], expected [true] but found [false], expected [true] but found [false], expected [true] but found [false], expected [true] but found [false], expected [true] but found [false], expected [true] but found [false], expected [true] but found [false], expected [true] but found [false], expected [true] but found [false], expected [true] but found [false], expected [true] but found [false]
	at org.testng.asserts.SoftAssert.assertAll(SoftAssert.java:38)
	at com.iexceed.TraditionalTestsV2.CrossBrowserElementsTest.Tab(CrossBrowserElementsTest.java:119)
	at sun.reflect.NativeMethodAccessorImpl.invoke0(Native Method)
	at sun.reflect.NativeMethodAccessorImpl.invoke(NativeMethodAccessorImpl.java:62)
	at sun.reflect.DelegatingMethodAccessorImpl.invoke(DelegatingMethodAccessorImpl.java:43)
	at java.lang.reflect.Method.invoke(Method.java:498)
	at org.testng.internal.MethodInvocationHelper.invokeMethod(MethodInvocationHelper.java:85)
	at org.testng.internal.Invoker.invokeMethod(Invoker.java:663)
	at org.testng.internal.Invoker.invokeTestMethod(Invoker.java:849)
	at org.testng.internal.Invoker.invokeTestMethods(Invoker.java:1157)
	at org.testng.internal.TestMethodWorker.invokeTestMethods(TestMethodWorker.java:124)
	at org.testng.internal.TestMethodWorker.run(TestMethodWorker.java:108)
	at org.testng.TestRunner.privateRun(TestRunner.java:771)
	at org.testng.TestRunner.run(TestRunner.java:621)
	at org.testng.SuiteRunner.runTest(SuiteRunner.java:357)
	at org.testng.SuiteRunner.runSequentially(SuiteRunner.java:352)
	at org.testng.SuiteRunner.privateRun(SuiteRunner.java:310)
	at org.testng.SuiteRunner.run(SuiteRunner.java:259)
	at org.testng.SuiteRunnerWorker.runSuite(SuiteRunnerWorker.java:52)
	at org.testng.SuiteRunnerWorker.run(SuiteRunnerWorker.java:86)
	at org.testng.TestNG.runSuitesSequentially(TestNG.java:1200)
	at org.testng.TestNG.runSuitesLocally(TestNG.java:1125)
	at org.testng.TestNG.run(TestNG.java:1033)
	at org.testng.remote.RemoteTestNG.run(RemoteTestNG.java:111)
	at org.testng.remote.RemoteTestNG.initAndRun(RemoteTestNG.java:204)
	at org.testng.remote.RemoteTestNG.main(RemoteTestNG.java:175)
]]>
    </failure>
  </testcase> <!-- Tab -->
  <testcase name="Laptop_Desktop" time="16.431" classname="com.iexceed.TraditionalTestsV2.CrossBrowserElementsTest">
    <failure type="java.lang.AssertionError" message="The following asserts failed:
expected [true] but found [false], expected [true] but found [false], expected [true] but found [false], expected [true] but found [false], expected [true] but found [false], expected [true] but found [false], expected [true] but found [false], expected [true] but found [false], expected [true] but found [false], expected [true] but found [false], expected [true] but found [false], expected [true] but found [false], expected [true] but found [false], expected [true] but found [false], expected [true] but found [false], expected [true] but found [false], expected [true] but found [false], expected [true] but found [false], expected [true] but found [false], expected [true] but found [false], expected [true] but found [false], expected [true] but found [false], expected [true] but found [false], expected [true] but found [false], expected [true] but found [false], expected [true] but found [false], expected [true] but found [false], expected [true] but found [false]">
      <![CDATA[java.lang.AssertionError: The following asserts failed:
expected [true] but found [false], expected [true] but found [false], expected [true] but found [false], expected [true] but found [false], expected [true] but found [false], expected [true] but found [false], expected [true] but found [false], expected [true] but found [false], expected [true] but found [false], expected [true] but found [false], expected [true] but found [false], expected [true] but found [false], expected [true] but found [false], expected [true] but found [false], expected [true] but found [false], expected [true] but found [false], expected [true] but found [false], expected [true] but found [false], expected [true] but found [false], expected [true] but found [false], expected [true] but found [false], expected [true] but found [false], expected [true] but found [false], expected [true] but found [false], expected [true] but found [false], expected [true] but found [false], expected [true] but found [false], expected [true] but found [false]
	at org.testng.asserts.SoftAssert.assertAll(SoftAssert.java:38)
	at com.iexceed.TraditionalTestsV2.CrossBrowserElementsTest.Laptop_Desktop(CrossBrowserElementsTest.java:68)
	at sun.reflect.NativeMethodAccessorImpl.invoke0(Native Method)
	at sun.reflect.NativeMethodAccessorImpl.invoke(NativeMethodAccessorImpl.java:62)
	at sun.reflect.DelegatingMethodAccessorImpl.invoke(DelegatingMethodAccessorImpl.java:43)
	at java.lang.reflect.Method.invoke(Method.java:498)
	at org.testng.internal.MethodInvocationHelper.invokeMethod(MethodInvocationHelper.java:85)
	at org.testng.internal.Invoker.invokeMethod(Invoker.java:663)
	at org.testng.internal.Invoker.invokeTestMethod(Invoker.java:849)
	at org.testng.internal.Invoker.invokeTestMethods(Invoker.java:1157)
	at org.testng.internal.TestMethodWorker.invokeTestMethods(TestMethodWorker.java:124)
	at org.testng.internal.TestMethodWorker.run(TestMethodWorker.java:108)
	at org.testng.TestRunner.privateRun(TestRunner.java:771)
	at org.testng.TestRunner.run(TestRunner.java:621)
	at org.testng.SuiteRunner.runTest(SuiteRunner.java:357)
	at org.testng.SuiteRunner.runSequentially(SuiteRunner.java:352)
	at org.testng.SuiteRunner.privateRun(SuiteRunner.java:310)
	at org.testng.SuiteRunner.run(SuiteRunner.java:259)
	at org.testng.SuiteRunnerWorker.runSuite(SuiteRunnerWorker.java:52)
	at org.testng.SuiteRunnerWorker.run(SuiteRunnerWorker.java:86)
	at org.testng.TestNG.runSuitesSequentially(TestNG.java:1200)
	at org.testng.TestNG.runSuitesLocally(TestNG.java:1125)
	at org.testng.TestNG.run(TestNG.java:1033)
	at org.testng.remote.RemoteTestNG.run(RemoteTestNG.java:111)
	at org.testng.remote.RemoteTestNG.initAndRun(RemoteTestNG.java:204)
	at org.testng.remote.RemoteTestNG.main(RemoteTestNG.java:175)
]]>
    </failure>
  </testcase> <!-- Laptop_Desktop -->
</testsuite> <!-- com.iexceed.TraditionalTestsV2.CrossBrowserElementsTest -->
